<?xml version="1.0" encoding="UTF-8"?>
<!-- Generated by org.testng.reporters.JUnitXMLReporter -->
<testsuite ignored="0" hostname="LAPTOP-0V7D4U7A" failures="2" tests="3" name="Command line test" time="37.509" errors="0" timestamp="27 Jan 2020 15:50:01 GMT">
  <testcase classname="testproject.Testcase" name="google1" time="7.382"/>
  <testcase classname="testproject.Testcase2" name="youtube1" time="15.076">
    <failure type="org.openqa.selenium.SessionNotCreatedException" message="session not created
from chrome not reachable
  (Session info: chrome=79.0.3945.130)
Build info: version: &amp;apos;3.141.59&amp;apos;, revision: &amp;apos;e82be7d358&amp;apos;, time: &amp;apos;2018-11-14T08:17:03&amp;apos;
System info: host: &amp;apos;LAPTOP-0V7D4U7A&amp;apos;, ip: &amp;apos;192.168.43.149&amp;apos;, os.name: &amp;apos;Windows 10&amp;apos;, os.arch: &amp;apos;amd64&amp;apos;, os.version: &amp;apos;10.0&amp;apos;, java.version: &amp;apos;13.0.1&amp;apos;
Driver info: driver.version: ChromeDriver
remote stacktrace: Backtrace:
	Ordinal0 [0x008FA113+1548563]
	Ordinal0 [0x0087DDA1+1039777]
	Ordinal0 [0x007FE32E+516910]
	Ordinal0 [0x007F8012+491538]
	Ordinal0 [0x007F86EB+493291]
	Ordinal0 [0x007F9855+497749]
	Ordinal0 [0x007F5885+481413]
	Ordinal0 [0x007FF0D0+520400]
	Ordinal0 [0x007AC030+180272]
	Ordinal0 [0x007AB59D+177565]
	Ordinal0 [0x007A95FB+169467]
	Ordinal0 [0x0079160A+71178]
	Ordinal0 [0x00792690+75408]
	Ordinal0 [0x00792629+75305]
	Ordinal0 [0x008971B7+1143223]
	GetHandleVerifier [0x00992B46+507814]
	GetHandleVerifier [0x00992864+507076]
	GetHandleVerifier [0x00999F47+537511]
	GetHandleVerifier [0x00993402+510050]
	Ordinal0 [0x0088F29C+1110684]
	Ordinal0 [0x0089938B+1151883]
	Ordinal0 [0x008994F3+1152243]
	Ordinal0 [0x008983F5+1147893]
	BaseThreadInitThunk [0x75BB6359+25]
	RtlGetAppContainerNamedObjectPath [0x77857B74+228]
	RtlGetAppContainerNamedObjectPath [0x77857B44+180]
">
      <![CDATA[org.openqa.selenium.SessionNotCreatedException: session not created
from chrome not reachable
  (Session info: chrome=79.0.3945.130)
Build info: version: '3.141.59', revision: 'e82be7d358', time: '2018-11-14T08:17:03'
System info: host: 'LAPTOP-0V7D4U7A', ip: '192.168.43.149', os.name: 'Windows 10', os.arch: 'amd64', os.version: '10.0', java.version: '13.0.1'
Driver info: driver.version: ChromeDriver
remote stacktrace: Backtrace:
Ordinal0 [0x008FA113+1548563]
Ordinal0 [0x0087DDA1+1039777]
Ordinal0 [0x007FE32E+516910]
Ordinal0 [0x007F8012+491538]
Ordinal0 [0x007F86EB+493291]
Ordinal0 [0x007F9855+497749]
Ordinal0 [0x007F5885+481413]
Ordinal0 [0x007FF0D0+520400]
Ordinal0 [0x007AC030+180272]
Ordinal0 [0x007AB59D+177565]
Ordinal0 [0x007A95FB+169467]
Ordinal0 [0x0079160A+71178]
Ordinal0 [0x00792690+75408]
Ordinal0 [0x00792629+75305]
Ordinal0 [0x008971B7+1143223]
GetHandleVerifier [0x00992B46+507814]
GetHandleVerifier [0x00992864+507076]
GetHandleVerifier [0x00999F47+537511]
GetHandleVerifier [0x00993402+510050]
Ordinal0 [0x0088F29C+1110684]
Ordinal0 [0x0089938B+1151883]
Ordinal0 [0x008994F3+1152243]
Ordinal0 [0x008983F5+1147893]
BaseThreadInitThunk [0x75BB6359+25]
RtlGetAppContainerNamedObjectPath [0x77857B74+228]
RtlGetAppContainerNamedObjectPath [0x77857B44+180]

at org.openqa.selenium.remote.W3CHandshakeResponse.lambda$errorHandler$0(W3CHandshakeResponse.java:62)
at org.openqa.selenium.remote.HandshakeResponse.lambda$getResponseFunction$0(HandshakeResponse.java:30)
at org.openqa.selenium.remote.ProtocolHandshake.lambda$createSession$0(ProtocolHandshake.java:126)
at java.base/java.util.stream.ReferencePipeline$3$1.accept(ReferencePipeline.java:195)
at java.base/java.util.Spliterators$ArraySpliterator.tryAdvance(Spliterators.java:958)
at java.base/java.util.stream.ReferencePipeline.forEachWithCancel(ReferencePipeline.java:127)
at java.base/java.util.stream.AbstractPipeline.copyIntoWithCancel(AbstractPipeline.java:502)
at java.base/java.util.stream.AbstractPipeline.copyInto(AbstractPipeline.java:488)
at java.base/java.util.stream.AbstractPipeline.wrapAndCopyInto(AbstractPipeline.java:474)
at java.base/java.util.stream.FindOps$FindOp.evaluateSequential(FindOps.java:150)
at java.base/java.util.stream.AbstractPipeline.evaluate(AbstractPipeline.java:234)
at java.base/java.util.stream.ReferencePipeline.findFirst(ReferencePipeline.java:543)
at org.openqa.selenium.remote.ProtocolHandshake.createSession(ProtocolHandshake.java:128)
at org.openqa.selenium.remote.ProtocolHandshake.createSession(ProtocolHandshake.java:74)
at org.openqa.selenium.remote.HttpCommandExecutor.execute(HttpCommandExecutor.java:136)
at org.openqa.selenium.remote.service.DriverCommandExecutor.execute(DriverCommandExecutor.java:83)
at org.openqa.selenium.remote.RemoteWebDriver.execute(RemoteWebDriver.java:552)
at org.openqa.selenium.remote.RemoteWebDriver.startSession(RemoteWebDriver.java:213)
at org.openqa.selenium.remote.RemoteWebDriver.<init>(RemoteWebDriver.java:131)
at org.openqa.selenium.chrome.ChromeDriver.<init>(ChromeDriver.java:181)
at org.openqa.selenium.chrome.ChromeDriver.<init>(ChromeDriver.java:168)
at org.openqa.selenium.chrome.ChromeDriver.<init>(ChromeDriver.java:123)
at testproject.browserSetup.browserSetupconnection(browserSetup.java:18)
at testproject.Testcase2.youtube1(Testcase2.java:18)
... Removed 40 stack frames]]>
    </failure>
  </testcase> <!-- youtube1 -->
  <testcase classname="testproject.Testcase3" name="bookmyshow1" time="15.031">
    <failure type="org.openqa.selenium.SessionNotCreatedException" message="session not created
from chrome not reachable
  (Session info: chrome=79.0.3945.130)
Build info: version: &amp;apos;3.141.59&amp;apos;, revision: &amp;apos;e82be7d358&amp;apos;, time: &amp;apos;2018-11-14T08:17:03&amp;apos;
System info: host: &amp;apos;LAPTOP-0V7D4U7A&amp;apos;, ip: &amp;apos;192.168.43.149&amp;apos;, os.name: &amp;apos;Windows 10&amp;apos;, os.arch: &amp;apos;amd64&amp;apos;, os.version: &amp;apos;10.0&amp;apos;, java.version: &amp;apos;13.0.1&amp;apos;
Driver info: driver.version: ChromeDriver
remote stacktrace: Backtrace:
	Ordinal0 [0x008FA113+1548563]
	Ordinal0 [0x0087DDA1+1039777]
	Ordinal0 [0x007FE32E+516910]
	Ordinal0 [0x007F8012+491538]
	Ordinal0 [0x007F86EB+493291]
	Ordinal0 [0x007F9855+497749]
	Ordinal0 [0x007F5885+481413]
	Ordinal0 [0x007FF0D0+520400]
	Ordinal0 [0x007AC030+180272]
	Ordinal0 [0x007AB59D+177565]
	Ordinal0 [0x007A95FB+169467]
	Ordinal0 [0x0079160A+71178]
	Ordinal0 [0x00792690+75408]
	Ordinal0 [0x00792629+75305]
	Ordinal0 [0x008971B7+1143223]
	GetHandleVerifier [0x00992B46+507814]
	GetHandleVerifier [0x00992864+507076]
	GetHandleVerifier [0x00999F47+537511]
	GetHandleVerifier [0x00993402+510050]
	Ordinal0 [0x0088F29C+1110684]
	Ordinal0 [0x0089938B+1151883]
	Ordinal0 [0x008994F3+1152243]
	Ordinal0 [0x008983F5+1147893]
	BaseThreadInitThunk [0x75BB6359+25]
	RtlGetAppContainerNamedObjectPath [0x77857B74+228]
	RtlGetAppContainerNamedObjectPath [0x77857B44+180]
">
      <![CDATA[org.openqa.selenium.SessionNotCreatedException: session not created
from chrome not reachable
  (Session info: chrome=79.0.3945.130)
Build info: version: '3.141.59', revision: 'e82be7d358', time: '2018-11-14T08:17:03'
System info: host: 'LAPTOP-0V7D4U7A', ip: '192.168.43.149', os.name: 'Windows 10', os.arch: 'amd64', os.version: '10.0', java.version: '13.0.1'
Driver info: driver.version: ChromeDriver
remote stacktrace: Backtrace:
Ordinal0 [0x008FA113+1548563]
Ordinal0 [0x0087DDA1+1039777]
Ordinal0 [0x007FE32E+516910]
Ordinal0 [0x007F8012+491538]
Ordinal0 [0x007F86EB+493291]
Ordinal0 [0x007F9855+497749]
Ordinal0 [0x007F5885+481413]
Ordinal0 [0x007FF0D0+520400]
Ordinal0 [0x007AC030+180272]
Ordinal0 [0x007AB59D+177565]
Ordinal0 [0x007A95FB+169467]
Ordinal0 [0x0079160A+71178]
Ordinal0 [0x00792690+75408]
Ordinal0 [0x00792629+75305]
Ordinal0 [0x008971B7+1143223]
GetHandleVerifier [0x00992B46+507814]
GetHandleVerifier [0x00992864+507076]
GetHandleVerifier [0x00999F47+537511]
GetHandleVerifier [0x00993402+510050]
Ordinal0 [0x0088F29C+1110684]
Ordinal0 [0x0089938B+1151883]
Ordinal0 [0x008994F3+1152243]
Ordinal0 [0x008983F5+1147893]
BaseThreadInitThunk [0x75BB6359+25]
RtlGetAppContainerNamedObjectPath [0x77857B74+228]
RtlGetAppContainerNamedObjectPath [0x77857B44+180]

at org.openqa.selenium.remote.W3CHandshakeResponse.lambda$errorHandler$0(W3CHandshakeResponse.java:62)
at org.openqa.selenium.remote.HandshakeResponse.lambda$getResponseFunction$0(HandshakeResponse.java:30)
at org.openqa.selenium.remote.ProtocolHandshake.lambda$createSession$0(ProtocolHandshake.java:126)
at java.base/java.util.stream.ReferencePipeline$3$1.accept(ReferencePipeline.java:195)
at java.base/java.util.Spliterators$ArraySpliterator.tryAdvance(Spliterators.java:958)
at java.base/java.util.stream.ReferencePipeline.forEachWithCancel(ReferencePipeline.java:127)
at java.base/java.util.stream.AbstractPipeline.copyIntoWithCancel(AbstractPipeline.java:502)
at java.base/java.util.stream.AbstractPipeline.copyInto(AbstractPipeline.java:488)
at java.base/java.util.stream.AbstractPipeline.wrapAndCopyInto(AbstractPipeline.java:474)
at java.base/java.util.stream.FindOps$FindOp.evaluateSequential(FindOps.java:150)
at java.base/java.util.stream.AbstractPipeline.evaluate(AbstractPipeline.java:234)
at java.base/java.util.stream.ReferencePipeline.findFirst(ReferencePipeline.java:543)
at org.openqa.selenium.remote.ProtocolHandshake.createSession(ProtocolHandshake.java:128)
at org.openqa.selenium.remote.ProtocolHandshake.createSession(ProtocolHandshake.java:74)
at org.openqa.selenium.remote.HttpCommandExecutor.execute(HttpCommandExecutor.java:136)
at org.openqa.selenium.remote.service.DriverCommandExecutor.execute(DriverCommandExecutor.java:83)
at org.openqa.selenium.remote.RemoteWebDriver.execute(RemoteWebDriver.java:552)
at org.openqa.selenium.remote.RemoteWebDriver.startSession(RemoteWebDriver.java:213)
at org.openqa.selenium.remote.RemoteWebDriver.<init>(RemoteWebDriver.java:131)
at org.openqa.selenium.chrome.ChromeDriver.<init>(ChromeDriver.java:181)
at org.openqa.selenium.chrome.ChromeDriver.<init>(ChromeDriver.java:168)
at org.openqa.selenium.chrome.ChromeDriver.<init>(ChromeDriver.java:123)
at testproject.browserSetup.browserSetupconnection(browserSetup.java:18)
at testproject.Testcase3.bookmyshow1(Testcase3.java:18)
... Removed 40 stack frames]]>
    </failure>
  </testcase> <!-- bookmyshow1 -->
</testsuite> <!-- Command line test -->
