<?xml version="1.0" encoding="UTF-8"?>
<testng-results ignored="0" total="3" passed="1" failed="2" skipped="0">
  <reporter-output>
  </reporter-output>
  <suite started-at="2020-01-27T15:49:24Z" name="Command line suite" finished-at="2020-01-27T15:50:01Z" duration-ms="37509">
    <groups>
    </groups>
    <test started-at="2020-01-27T15:49:24Z" name="Command line test" finished-at="2020-01-27T15:50:01Z" duration-ms="37509">
      <class name="testproject.Testcase3">
        <test-method signature="bookmyshow1()[pri:0, instance:testproject.Testcase3@1500955a]" started-at="2020-01-27T15:49:46Z" name="bookmyshow1" finished-at="2020-01-27T15:50:01Z" duration-ms="15031" status="FAIL">
          <exception class="org.openqa.selenium.SessionNotCreatedException">
            <message>
              <![CDATA[session not created
from chrome not reachable
  (Session info: chrome=79.0.3945.130)
Build info: version: '3.141.59', revision: 'e82be7d358', time: '2018-11-14T08:17:03'
System info: host: 'LAPTOP-0V7D4U7A', ip: '192.168.43.149', os.name: 'Windows 10', os.arch: 'amd64', os.version: '10.0', java.version: '13.0.1'
Driver info: driver.version: ChromeDriver
remote stacktrace: Backtrace:
Ordinal0 [0x008FA113+1548563]
Ordinal0 [0x0087DDA1+1039777]
Ordinal0 [0x007FE32E+516910]
Ordinal0 [0x007F8012+491538]
Ordinal0 [0x007F86EB+493291]
Ordinal0 [0x007F9855+497749]
Ordinal0 [0x007F5885+481413]
Ordinal0 [0x007FF0D0+520400]
Ordinal0 [0x007AC030+180272]
Ordinal0 [0x007AB59D+177565]
Ordinal0 [0x007A95FB+169467]
Ordinal0 [0x0079160A+71178]
Ordinal0 [0x00792690+75408]
Ordinal0 [0x00792629+75305]
Ordinal0 [0x008971B7+1143223]
GetHandleVerifier [0x00992B46+507814]
GetHandleVerifier [0x00992864+507076]
GetHandleVerifier [0x00999F47+537511]
GetHandleVerifier [0x00993402+510050]
Ordinal0 [0x0088F29C+1110684]
Ordinal0 [0x0089938B+1151883]
Ordinal0 [0x008994F3+1152243]
Ordinal0 [0x008983F5+1147893]
BaseThreadInitThunk [0x75BB6359+25]
RtlGetAppContainerNamedObjectPath [0x77857B74+228]
RtlGetAppContainerNamedObjectPath [0x77857B44+180]
]]>
            </message>
            <full-stacktrace>
              <![CDATA[org.openqa.selenium.SessionNotCreatedException: session not created
from chrome not reachable
  (Session info: chrome=79.0.3945.130)
Build info: version: '3.141.59', revision: 'e82be7d358', time: '2018-11-14T08:17:03'
System info: host: 'LAPTOP-0V7D4U7A', ip: '192.168.43.149', os.name: 'Windows 10', os.arch: 'amd64', os.version: '10.0', java.version: '13.0.1'
Driver info: driver.version: ChromeDriver
remote stacktrace: Backtrace:
Ordinal0 [0x008FA113+1548563]
Ordinal0 [0x0087DDA1+1039777]
Ordinal0 [0x007FE32E+516910]
Ordinal0 [0x007F8012+491538]
Ordinal0 [0x007F86EB+493291]
Ordinal0 [0x007F9855+497749]
Ordinal0 [0x007F5885+481413]
Ordinal0 [0x007FF0D0+520400]
Ordinal0 [0x007AC030+180272]
Ordinal0 [0x007AB59D+177565]
Ordinal0 [0x007A95FB+169467]
Ordinal0 [0x0079160A+71178]
Ordinal0 [0x00792690+75408]
Ordinal0 [0x00792629+75305]
Ordinal0 [0x008971B7+1143223]
GetHandleVerifier [0x00992B46+507814]
GetHandleVerifier [0x00992864+507076]
GetHandleVerifier [0x00999F47+537511]
GetHandleVerifier [0x00993402+510050]
Ordinal0 [0x0088F29C+1110684]
Ordinal0 [0x0089938B+1151883]
Ordinal0 [0x008994F3+1152243]
Ordinal0 [0x008983F5+1147893]
BaseThreadInitThunk [0x75BB6359+25]
RtlGetAppContainerNamedObjectPath [0x77857B74+228]
RtlGetAppContainerNamedObjectPath [0x77857B44+180]

at java.base/jdk.internal.reflect.NativeConstructorAccessorImpl.newInstance0(Native Method)
at java.base/jdk.internal.reflect.NativeConstructorAccessorImpl.newInstance(NativeConstructorAccessorImpl.java:62)
at java.base/jdk.internal.reflect.DelegatingConstructorAccessorImpl.newInstance(DelegatingConstructorAccessorImpl.java:45)
at java.base/java.lang.reflect.Constructor.newInstanceWithCaller(Constructor.java:500)
at java.base/java.lang.reflect.Constructor.newInstance(Constructor.java:481)
at org.openqa.selenium.remote.W3CHandshakeResponse.lambda$errorHandler$0(W3CHandshakeResponse.java:62)
at org.openqa.selenium.remote.HandshakeResponse.lambda$getResponseFunction$0(HandshakeResponse.java:30)
at org.openqa.selenium.remote.ProtocolHandshake.lambda$createSession$0(ProtocolHandshake.java:126)
at java.base/java.util.stream.ReferencePipeline$3$1.accept(ReferencePipeline.java:195)
at java.base/java.util.Spliterators$ArraySpliterator.tryAdvance(Spliterators.java:958)
at java.base/java.util.stream.ReferencePipeline.forEachWithCancel(ReferencePipeline.java:127)
at java.base/java.util.stream.AbstractPipeline.copyIntoWithCancel(AbstractPipeline.java:502)
at java.base/java.util.stream.AbstractPipeline.copyInto(AbstractPipeline.java:488)
at java.base/java.util.stream.AbstractPipeline.wrapAndCopyInto(AbstractPipeline.java:474)
at java.base/java.util.stream.FindOps$FindOp.evaluateSequential(FindOps.java:150)
at java.base/java.util.stream.AbstractPipeline.evaluate(AbstractPipeline.java:234)
at java.base/java.util.stream.ReferencePipeline.findFirst(ReferencePipeline.java:543)
at org.openqa.selenium.remote.ProtocolHandshake.createSession(ProtocolHandshake.java:128)
at org.openqa.selenium.remote.ProtocolHandshake.createSession(ProtocolHandshake.java:74)
at org.openqa.selenium.remote.HttpCommandExecutor.execute(HttpCommandExecutor.java:136)
at org.openqa.selenium.remote.service.DriverCommandExecutor.execute(DriverCommandExecutor.java:83)
at org.openqa.selenium.remote.RemoteWebDriver.execute(RemoteWebDriver.java:552)
at org.openqa.selenium.remote.RemoteWebDriver.startSession(RemoteWebDriver.java:213)
at org.openqa.selenium.remote.RemoteWebDriver.<init>(RemoteWebDriver.java:131)
at org.openqa.selenium.chrome.ChromeDriver.<init>(ChromeDriver.java:181)
at org.openqa.selenium.chrome.ChromeDriver.<init>(ChromeDriver.java:168)
at org.openqa.selenium.chrome.ChromeDriver.<init>(ChromeDriver.java:123)
at testproject.browserSetup.browserSetupconnection(browserSetup.java:18)
at testproject.Testcase3.bookmyshow1(Testcase3.java:18)
at java.base/jdk.internal.reflect.NativeMethodAccessorImpl.invoke0(Native Method)
at java.base/jdk.internal.reflect.NativeMethodAccessorImpl.invoke(NativeMethodAccessorImpl.java:62)
at java.base/jdk.internal.reflect.DelegatingMethodAccessorImpl.invoke(DelegatingMethodAccessorImpl.java:43)
at java.base/java.lang.reflect.Method.invoke(Method.java:567)
at org.testng.internal.MethodInvocationHelper.invokeMethod(MethodInvocationHelper.java:124)
at org.testng.internal.Invoker.invokeMethod(Invoker.java:583)
at org.testng.internal.Invoker.invokeTestMethod(Invoker.java:719)
at org.testng.internal.Invoker.invokeTestMethods(Invoker.java:989)
at org.testng.internal.TestMethodWorker.invokeTestMethods(TestMethodWorker.java:125)
at org.testng.internal.TestMethodWorker.run(TestMethodWorker.java:109)
at org.testng.TestRunner.privateRun(TestRunner.java:648)
at org.testng.TestRunner.run(TestRunner.java:505)
at org.testng.SuiteRunner.runTest(SuiteRunner.java:455)
at org.testng.SuiteRunner.runSequentially(SuiteRunner.java:450)
at org.testng.SuiteRunner.privateRun(SuiteRunner.java:415)
at org.testng.SuiteRunner.run(SuiteRunner.java:364)
at org.testng.SuiteRunnerWorker.runSuite(SuiteRunnerWorker.java:52)
at org.testng.SuiteRunnerWorker.run(SuiteRunnerWorker.java:84)
at org.testng.TestNG.runSuitesSequentially(TestNG.java:1208)
at org.testng.TestNG.runSuitesLocally(TestNG.java:1137)
at org.testng.TestNG.runSuites(TestNG.java:1049)
at org.testng.TestNG.run(TestNG.java:1017)
at org.apache.maven.surefire.testng.TestNGExecutor.run(TestNGExecutor.java:77)
at org.apache.maven.surefire.testng.TestNGDirectoryTestSuite.executeMulti(TestNGDirectoryTestSuite.java:159)
at org.apache.maven.surefire.testng.TestNGDirectoryTestSuite.execute(TestNGDirectoryTestSuite.java:99)
at org.apache.maven.surefire.testng.TestNGProvider.invoke(TestNGProvider.java:106)
at java.base/jdk.internal.reflect.NativeMethodAccessorImpl.invoke0(Native Method)
at java.base/jdk.internal.reflect.NativeMethodAccessorImpl.invoke(NativeMethodAccessorImpl.java:62)
at java.base/jdk.internal.reflect.DelegatingMethodAccessorImpl.invoke(DelegatingMethodAccessorImpl.java:43)
at java.base/java.lang.reflect.Method.invoke(Method.java:567)
at org.apache.maven.surefire.util.ReflectionUtils.invokeMethodWithArray(ReflectionUtils.java:189)
at org.apache.maven.surefire.booter.ProviderFactory$ProviderProxy.invoke(ProviderFactory.java:165)
at org.apache.maven.surefire.booter.ProviderFactory.invokeProvider(ProviderFactory.java:85)
at org.apache.maven.surefire.booter.ForkedBooter.runSuitesInProcess(ForkedBooter.java:115)
at org.apache.maven.surefire.booter.ForkedBooter.main(ForkedBooter.java:75)
]]>
            </full-stacktrace>
          </exception> <!-- org.openqa.selenium.SessionNotCreatedException -->
          <reporter-output>
          </reporter-output>
        </test-method> <!-- bookmyshow1 -->
      </class> <!-- testproject.Testcase3 -->
      <class name="testproject.Testcase2">
        <test-method signature="youtube1()[pri:0, instance:testproject.Testcase2@7ce6a65d]" started-at="2020-01-27T15:49:31Z" name="youtube1" finished-at="2020-01-27T15:49:46Z" duration-ms="15076" status="FAIL">
          <exception class="org.openqa.selenium.SessionNotCreatedException">
            <message>
              <![CDATA[session not created
from chrome not reachable
  (Session info: chrome=79.0.3945.130)
Build info: version: '3.141.59', revision: 'e82be7d358', time: '2018-11-14T08:17:03'
System info: host: 'LAPTOP-0V7D4U7A', ip: '192.168.43.149', os.name: 'Windows 10', os.arch: 'amd64', os.version: '10.0', java.version: '13.0.1'
Driver info: driver.version: ChromeDriver
remote stacktrace: Backtrace:
Ordinal0 [0x008FA113+1548563]
Ordinal0 [0x0087DDA1+1039777]
Ordinal0 [0x007FE32E+516910]
Ordinal0 [0x007F8012+491538]
Ordinal0 [0x007F86EB+493291]
Ordinal0 [0x007F9855+497749]
Ordinal0 [0x007F5885+481413]
Ordinal0 [0x007FF0D0+520400]
Ordinal0 [0x007AC030+180272]
Ordinal0 [0x007AB59D+177565]
Ordinal0 [0x007A95FB+169467]
Ordinal0 [0x0079160A+71178]
Ordinal0 [0x00792690+75408]
Ordinal0 [0x00792629+75305]
Ordinal0 [0x008971B7+1143223]
GetHandleVerifier [0x00992B46+507814]
GetHandleVerifier [0x00992864+507076]
GetHandleVerifier [0x00999F47+537511]
GetHandleVerifier [0x00993402+510050]
Ordinal0 [0x0088F29C+1110684]
Ordinal0 [0x0089938B+1151883]
Ordinal0 [0x008994F3+1152243]
Ordinal0 [0x008983F5+1147893]
BaseThreadInitThunk [0x75BB6359+25]
RtlGetAppContainerNamedObjectPath [0x77857B74+228]
RtlGetAppContainerNamedObjectPath [0x77857B44+180]
]]>
            </message>
            <full-stacktrace>
              <![CDATA[org.openqa.selenium.SessionNotCreatedException: session not created
from chrome not reachable
  (Session info: chrome=79.0.3945.130)
Build info: version: '3.141.59', revision: 'e82be7d358', time: '2018-11-14T08:17:03'
System info: host: 'LAPTOP-0V7D4U7A', ip: '192.168.43.149', os.name: 'Windows 10', os.arch: 'amd64', os.version: '10.0', java.version: '13.0.1'
Driver info: driver.version: ChromeDriver
remote stacktrace: Backtrace:
Ordinal0 [0x008FA113+1548563]
Ordinal0 [0x0087DDA1+1039777]
Ordinal0 [0x007FE32E+516910]
Ordinal0 [0x007F8012+491538]
Ordinal0 [0x007F86EB+493291]
Ordinal0 [0x007F9855+497749]
Ordinal0 [0x007F5885+481413]
Ordinal0 [0x007FF0D0+520400]
Ordinal0 [0x007AC030+180272]
Ordinal0 [0x007AB59D+177565]
Ordinal0 [0x007A95FB+169467]
Ordinal0 [0x0079160A+71178]
Ordinal0 [0x00792690+75408]
Ordinal0 [0x00792629+75305]
Ordinal0 [0x008971B7+1143223]
GetHandleVerifier [0x00992B46+507814]
GetHandleVerifier [0x00992864+507076]
GetHandleVerifier [0x00999F47+537511]
GetHandleVerifier [0x00993402+510050]
Ordinal0 [0x0088F29C+1110684]
Ordinal0 [0x0089938B+1151883]
Ordinal0 [0x008994F3+1152243]
Ordinal0 [0x008983F5+1147893]
BaseThreadInitThunk [0x75BB6359+25]
RtlGetAppContainerNamedObjectPath [0x77857B74+228]
RtlGetAppContainerNamedObjectPath [0x77857B44+180]

at java.base/jdk.internal.reflect.NativeConstructorAccessorImpl.newInstance0(Native Method)
at java.base/jdk.internal.reflect.NativeConstructorAccessorImpl.newInstance(NativeConstructorAccessorImpl.java:62)
at java.base/jdk.internal.reflect.DelegatingConstructorAccessorImpl.newInstance(DelegatingConstructorAccessorImpl.java:45)
at java.base/java.lang.reflect.Constructor.newInstanceWithCaller(Constructor.java:500)
at java.base/java.lang.reflect.Constructor.newInstance(Constructor.java:481)
at org.openqa.selenium.remote.W3CHandshakeResponse.lambda$errorHandler$0(W3CHandshakeResponse.java:62)
at org.openqa.selenium.remote.HandshakeResponse.lambda$getResponseFunction$0(HandshakeResponse.java:30)
at org.openqa.selenium.remote.ProtocolHandshake.lambda$createSession$0(ProtocolHandshake.java:126)
at java.base/java.util.stream.ReferencePipeline$3$1.accept(ReferencePipeline.java:195)
at java.base/java.util.Spliterators$ArraySpliterator.tryAdvance(Spliterators.java:958)
at java.base/java.util.stream.ReferencePipeline.forEachWithCancel(ReferencePipeline.java:127)
at java.base/java.util.stream.AbstractPipeline.copyIntoWithCancel(AbstractPipeline.java:502)
at java.base/java.util.stream.AbstractPipeline.copyInto(AbstractPipeline.java:488)
at java.base/java.util.stream.AbstractPipeline.wrapAndCopyInto(AbstractPipeline.java:474)
at java.base/java.util.stream.FindOps$FindOp.evaluateSequential(FindOps.java:150)
at java.base/java.util.stream.AbstractPipeline.evaluate(AbstractPipeline.java:234)
at java.base/java.util.stream.ReferencePipeline.findFirst(ReferencePipeline.java:543)
at org.openqa.selenium.remote.ProtocolHandshake.createSession(ProtocolHandshake.java:128)
at org.openqa.selenium.remote.ProtocolHandshake.createSession(ProtocolHandshake.java:74)
at org.openqa.selenium.remote.HttpCommandExecutor.execute(HttpCommandExecutor.java:136)
at org.openqa.selenium.remote.service.DriverCommandExecutor.execute(DriverCommandExecutor.java:83)
at org.openqa.selenium.remote.RemoteWebDriver.execute(RemoteWebDriver.java:552)
at org.openqa.selenium.remote.RemoteWebDriver.startSession(RemoteWebDriver.java:213)
at org.openqa.selenium.remote.RemoteWebDriver.<init>(RemoteWebDriver.java:131)
at org.openqa.selenium.chrome.ChromeDriver.<init>(ChromeDriver.java:181)
at org.openqa.selenium.chrome.ChromeDriver.<init>(ChromeDriver.java:168)
at org.openqa.selenium.chrome.ChromeDriver.<init>(ChromeDriver.java:123)
at testproject.browserSetup.browserSetupconnection(browserSetup.java:18)
at testproject.Testcase2.youtube1(Testcase2.java:18)
at java.base/jdk.internal.reflect.NativeMethodAccessorImpl.invoke0(Native Method)
at java.base/jdk.internal.reflect.NativeMethodAccessorImpl.invoke(NativeMethodAccessorImpl.java:62)
at java.base/jdk.internal.reflect.DelegatingMethodAccessorImpl.invoke(DelegatingMethodAccessorImpl.java:43)
at java.base/java.lang.reflect.Method.invoke(Method.java:567)
at org.testng.internal.MethodInvocationHelper.invokeMethod(MethodInvocationHelper.java:124)
at org.testng.internal.Invoker.invokeMethod(Invoker.java:583)
at org.testng.internal.Invoker.invokeTestMethod(Invoker.java:719)
at org.testng.internal.Invoker.invokeTestMethods(Invoker.java:989)
at org.testng.internal.TestMethodWorker.invokeTestMethods(TestMethodWorker.java:125)
at org.testng.internal.TestMethodWorker.run(TestMethodWorker.java:109)
at org.testng.TestRunner.privateRun(TestRunner.java:648)
at org.testng.TestRunner.run(TestRunner.java:505)
at org.testng.SuiteRunner.runTest(SuiteRunner.java:455)
at org.testng.SuiteRunner.runSequentially(SuiteRunner.java:450)
at org.testng.SuiteRunner.privateRun(SuiteRunner.java:415)
at org.testng.SuiteRunner.run(SuiteRunner.java:364)
at org.testng.SuiteRunnerWorker.runSuite(SuiteRunnerWorker.java:52)
at org.testng.SuiteRunnerWorker.run(SuiteRunnerWorker.java:84)
at org.testng.TestNG.runSuitesSequentially(TestNG.java:1208)
at org.testng.TestNG.runSuitesLocally(TestNG.java:1137)
at org.testng.TestNG.runSuites(TestNG.java:1049)
at org.testng.TestNG.run(TestNG.java:1017)
at org.apache.maven.surefire.testng.TestNGExecutor.run(TestNGExecutor.java:77)
at org.apache.maven.surefire.testng.TestNGDirectoryTestSuite.executeMulti(TestNGDirectoryTestSuite.java:159)
at org.apache.maven.surefire.testng.TestNGDirectoryTestSuite.execute(TestNGDirectoryTestSuite.java:99)
at org.apache.maven.surefire.testng.TestNGProvider.invoke(TestNGProvider.java:106)
at java.base/jdk.internal.reflect.NativeMethodAccessorImpl.invoke0(Native Method)
at java.base/jdk.internal.reflect.NativeMethodAccessorImpl.invoke(NativeMethodAccessorImpl.java:62)
at java.base/jdk.internal.reflect.DelegatingMethodAccessorImpl.invoke(DelegatingMethodAccessorImpl.java:43)
at java.base/java.lang.reflect.Method.invoke(Method.java:567)
at org.apache.maven.surefire.util.ReflectionUtils.invokeMethodWithArray(ReflectionUtils.java:189)
at org.apache.maven.surefire.booter.ProviderFactory$ProviderProxy.invoke(ProviderFactory.java:165)
at org.apache.maven.surefire.booter.ProviderFactory.invokeProvider(ProviderFactory.java:85)
at org.apache.maven.surefire.booter.ForkedBooter.runSuitesInProcess(ForkedBooter.java:115)
at org.apache.maven.surefire.booter.ForkedBooter.main(ForkedBooter.java:75)
]]>
            </full-stacktrace>
          </exception> <!-- org.openqa.selenium.SessionNotCreatedException -->
          <reporter-output>
          </reporter-output>
        </test-method> <!-- youtube1 -->
      </class> <!-- testproject.Testcase2 -->
      <class name="testproject.Testcase">
        <test-method signature="google1()[pri:0, instance:testproject.Testcase@4abdb505]" started-at="2020-01-27T15:49:24Z" name="google1" finished-at="2020-01-27T15:49:31Z" duration-ms="7382" status="PASS">
          <reporter-output>
          </reporter-output>
        </test-method> <!-- google1 -->
      </class> <!-- testproject.Testcase -->
    </test> <!-- Command line test -->
  </suite> <!-- Command line suite -->
</testng-results>
